[2025-04-19T17:24:17+02:00] chart_target_distribution LEN=43
"C:\xamp\htdocs\AI-Card-Stats-Pred\env\Scripts\python.exe" "C:\xampp\htdocs\AI-Card-Stats-Pred\php\graphs\chart_target_distribution.py" 2>&1

[2025-04-19T17:24:17+02:00] chart_numerical_distributions LEN=43
"C:\xamp\htdocs\AI-Card-Stats-Pred\env\Scripts\python.exe" "C:\xampp\htdocs\AI-Card-Stats-Pred\php\graphs\chart_numerical_distributions.py" 2>&1

[2025-04-19T17:24:17+02:00] chart_categorical_distributions LEN=43
"C:\xamp\htdocs\AI-Card-Stats-Pred\env\Scripts\python.exe" "C:\xampp\htdocs\AI-Card-Stats-Pred\php\graphs\chart_categorical_distributions.py" 2>&1

[2025-04-19T17:24:17+02:00] chart_regression_plots LEN=43
"C:\xamp\htdocs\AI-Card-Stats-Pred\env\Scripts\python.exe" "C:\xampp\htdocs\AI-Card-Stats-Pred\php\graphs\chart_regression_plots.py" 2>&1

[2025-04-19T17:24:17+02:00] chart_pairplot LEN=43
"C:\xamp\htdocs\AI-Card-Stats-Pred\env\Scripts\python.exe" "C:\xampp\htdocs\AI-Card-Stats-Pred\php\graphs\chart_pairplot.py" 2>&1

[2025-04-19T17:24:17+02:00] chart_pearson_heatmap LEN=43
"C:\xamp\htdocs\AI-Card-Stats-Pred\env\Scripts\python.exe" "C:\xampp\htdocs\AI-Card-Stats-Pred\php\graphs\chart_pearson_heatmap.py" 2>&1

[2025-04-19T17:24:17+02:00] chart_pointbiserial_heatmap LEN=43
"C:\xamp\htdocs\AI-Card-Stats-Pred\env\Scripts\python.exe" "C:\xampp\htdocs\AI-Card-Stats-Pred\php\graphs\chart_pointbiserial_heatmap.py" 2>&1

[2025-04-19T17:24:17+02:00] chart_cramersv_heatmap LEN=43
"C:\xamp\htdocs\AI-Card-Stats-Pred\env\Scripts\python.exe" "C:\xampp\htdocs\AI-Card-Stats-Pred\php\graphs\chart_cramersv_heatmap.py" 2>&1

[2025-04-19T17:24:18+02:00] table_performance LEN=43
[2025-04-19T17:24:18+02:00] chart_roc_curves LEN=43
"C:\xamp\htdocs\AI-Card-Stats-Pred\env\Scripts\python.exe" "C:\xampp\htdocs\AI-Card-Stats-Pred\php\graphs\chart_roc_curves.py" 2>&1

[2025-04-19T17:24:18+02:00] chart_confusion_matrices LEN=43
"C:\xamp\htdocs\AI-Card-Stats-Pred\env\Scripts\python.exe" "C:\xampp\htdocs\AI-Card-Stats-Pred\php\graphs\chart_confusion_matrices.py" 2>&1

[2025-04-19T17:24:18+02:00] chart_permutation_importance LEN=43
"C:\xamp\htdocs\AI-Card-Stats-Pred\env\Scripts\python.exe" "C:\xampp\htdocs\AI-Card-Stats-Pred\php\graphs\chart_permutation_importance.py" 2>&1

[2025-04-19T17:24:18+02:00] chart_shap_bar LEN=43
"C:\xamp\htdocs\AI-Card-Stats-Pred\env\Scripts\python.exe" "C:\xampp\htdocs\AI-Card-Stats-Pred\php\graphs\chart_shap_bar.py" 2>&1

[2025-04-19T17:24:18+02:00] chart_shap_summary LEN=43
"C:\xamp\htdocs\AI-Card-Stats-Pred\env\Scripts\python.exe" "C:\xampp\htdocs\AI-Card-Stats-Pred\php\graphs\chart_shap_summary.py" 2>&1

[2025-04-19T17:24:18+02:00] chart_lgbm_confusion_matrix LEN=43
"C:\xamp\htdocs\AI-Card-Stats-Pred\env\Scripts\python.exe" "C:\xampp\htdocs\AI-Card-Stats-Pred\php\graphs\chart_lgbm_confusion_matrix.py" 2>&1

[2025-04-19T17:25:07+02:00] chart_target_distribution LEN=22601
"C:\xampp\htdocs\AI-Card-Stats-Pred\env\Scripts\python.exe" "C:\xampp\htdocs\AI-Card-Stats-Pred\php\graphs\chart_target_distribution.py" 2>&1

[2025-04-19T17:25:16+02:00] chart_numerical_distributions LEN=208905
"C:\xampp\htdocs\AI-Card-Stats-Pred\env\Scripts\python.exe" "C:\xampp\htdocs\AI-Card-Stats-Pred\php\graphs\chart_numerical_distributions.py" 2>&1

[2025-04-19T17:25:24+02:00] chart_categorical_distributions LEN=152389
"C:\xampp\htdocs\AI-Card-Stats-Pred\env\Scripts\python.exe" "C:\xampp\htdocs\AI-Card-Stats-Pred\php\graphs\chart_categorical_distributions.py" 2>&1

[2025-04-19T17:25:35+02:00] chart_regression_plots LEN=160309
"C:\xampp\htdocs\AI-Card-Stats-Pred\env\Scripts\python.exe" "C:\xampp\htdocs\AI-Card-Stats-Pred\php\graphs\chart_regression_plots.py" 2>&1

[2025-04-19T17:25:46+02:00] chart_pairplot LEN=251861
"C:\xampp\htdocs\AI-Card-Stats-Pred\env\Scripts\python.exe" "C:\xampp\htdocs\AI-Card-Stats-Pred\php\graphs\chart_pairplot.py" 2>&1

[2025-04-19T17:25:52+02:00] chart_pearson_heatmap LEN=39757
"C:\xampp\htdocs\AI-Card-Stats-Pred\env\Scripts\python.exe" "C:\xampp\htdocs\AI-Card-Stats-Pred\php\graphs\chart_pearson_heatmap.py" 2>&1

[2025-04-19T17:25:59+02:00] chart_pointbiserial_heatmap LEN=42909
"C:\xampp\htdocs\AI-Card-Stats-Pred\env\Scripts\python.exe" "C:\xampp\htdocs\AI-Card-Stats-Pred\php\graphs\chart_pointbiserial_heatmap.py" 2>&1

[2025-04-19T17:26:06+02:00] chart_cramersv_heatmap LEN=49173
"C:\xampp\htdocs\AI-Card-Stats-Pred\env\Scripts\python.exe" "C:\xampp\htdocs\AI-Card-Stats-Pred\php\graphs\chart_cramersv_heatmap.py" 2>&1

[2025-04-19T17:26:18+02:00] table_performance LEN=2515
[2025-04-19T17:26:26+02:00] chart_roc_curves LEN=112301
"C:\xampp\htdocs\AI-Card-Stats-Pred\env\Scripts\python.exe" "C:\xampp\htdocs\AI-Card-Stats-Pred\php\graphs\chart_roc_curves.py" 2>&1

[2025-04-19T17:26:38+02:00] chart_confusion_matrices LEN=72065
"C:\xampp\htdocs\AI-Card-Stats-Pred\env\Scripts\python.exe" "C:\xampp\htdocs\AI-Card-Stats-Pred\php\graphs\chart_confusion_matrices.py" 2>&1

[2025-04-19T17:26:45+02:00] chart_permutation_importance LEN=37725
"C:\xampp\htdocs\AI-Card-Stats-Pred\env\Scripts\python.exe" "C:\xampp\htdocs\AI-Card-Stats-Pred\php\graphs\chart_permutation_importance.py" 2>&1

[2025-04-19T17:26:53+02:00] chart_shap_bar LEN=47069
"C:\xampp\htdocs\AI-Card-Stats-Pred\env\Scripts\python.exe" "C:\xampp\htdocs\AI-Card-Stats-Pred\php\graphs\chart_shap_bar.py" 2>&1

[2025-04-19T17:27:04+02:00] chart_shap_summary LEN=59873
"C:\xampp\htdocs\AI-Card-Stats-Pred\env\Scripts\python.exe" "C:\xampp\htdocs\AI-Card-Stats-Pred\php\graphs\chart_shap_summary.py" 2>&1

[2025-04-19T17:27:14+02:00] chart_lgbm_confusion_matrix LEN=18229
"C:\xampp\htdocs\AI-Card-Stats-Pred\env\Scripts\python.exe" "C:\xampp\htdocs\AI-Card-Stats-Pred\php\graphs\chart_lgbm_confusion_matrix.py" 2>&1

[2025-04-19T17:28:22+02:00] table_performance LEN=2515
[2025-04-19T17:33:24+02:00] table_performance LEN=2515
[2025-04-19T17:34:33+02:00] table_performance LEN=2515
[2025-04-19T17:34:44+02:00] table_performance LEN=2515
[2025-04-19T17:34:57+02:00] table_performance LEN=2515
[2025-04-19T17:36:27+02:00] table_performance LEN=2515
[2025-04-19T17:37:17+02:00] table_performance LEN=2515
[2025-04-19T17:37:27+02:00] table_performance LEN=2515
[2025-04-19T17:39:44+02:00] table_performance LEN=2515
[2025-04-19T17:39:45+02:00] table_performance LEN=2515
[2025-04-19T17:40:48+02:00] table_performance LEN=2515
[2025-04-19T17:40:56+02:00] table_performance LEN=2515
[2025-04-19T17:41:42+02:00] table_performance LEN=2515
[2025-04-19T17:41:51+02:00] table_performance LEN=2515
[2025-04-19T17:41:53+02:00] table_performance LEN=2515
[2025-04-19T17:42:10+02:00] table_performance LEN=2515
[2025-04-19T17:42:23+02:00] table_performance LEN=2515
[2025-04-19T17:44:57+02:00] table_performance LEN=2515
[2025-04-19T17:45:47+02:00] table_performance LEN=2515
[2025-04-19T17:46:46+02:00] table_performance LEN=2515
[2025-04-19T17:47:04+02:00] table_performance LEN=2515
[2025-04-19T17:53:38+02:00] table_performance LEN=2515
[2025-04-19T17:54:57+02:00] table_performance LEN=2515
[2025-04-19T17:55:04+02:00] table_performance LEN=2515
[2025-04-19T17:56:20+02:00] table_performance LEN=2515
[2025-04-19T17:57:45+02:00] table_performance LEN=2515
[2025-04-19T17:59:03+02:00] chart_target_distribution LEN=22601
"C:\xampp\htdocs\AI-Card-Stats-Pred\env\Scripts\python.exe" "C:\xampp\htdocs\AI-Card-Stats-Pred\php\graphs\chart_target_distribution.py" 2>&1

[2025-04-19T17:59:10+02:00] chart_numerical_distributions LEN=208905
"C:\xampp\htdocs\AI-Card-Stats-Pred\env\Scripts\python.exe" "C:\xampp\htdocs\AI-Card-Stats-Pred\php\graphs\chart_numerical_distributions.py" 2>&1

[2025-04-19T17:59:19+02:00] chart_categorical_distributions LEN=152389
"C:\xampp\htdocs\AI-Card-Stats-Pred\env\Scripts\python.exe" "C:\xampp\htdocs\AI-Card-Stats-Pred\php\graphs\chart_categorical_distributions.py" 2>&1

[2025-04-19T17:59:27+02:00] chart_regression_plots LEN=160269
"C:\xampp\htdocs\AI-Card-Stats-Pred\env\Scripts\python.exe" "C:\xampp\htdocs\AI-Card-Stats-Pred\php\graphs\chart_regression_plots.py" 2>&1

[2025-04-19T18:00:56+02:00] chart_pairplot LEN=251861
"C:\xampp\htdocs\AI-Card-Stats-Pred\env\Scripts\python.exe" "C:\xampp\htdocs\AI-Card-Stats-Pred\php\graphs\chart_pairplot.py" 2>&1

[2025-04-19T18:01:02+02:00] chart_pearson_heatmap LEN=39757
"C:\xampp\htdocs\AI-Card-Stats-Pred\env\Scripts\python.exe" "C:\xampp\htdocs\AI-Card-Stats-Pred\php\graphs\chart_pearson_heatmap.py" 2>&1

[2025-04-19T18:01:08+02:00] chart_pointbiserial_heatmap LEN=42909
"C:\xampp\htdocs\AI-Card-Stats-Pred\env\Scripts\python.exe" "C:\xampp\htdocs\AI-Card-Stats-Pred\php\graphs\chart_pointbiserial_heatmap.py" 2>&1

[2025-04-19T18:01:15+02:00] chart_cramersv_heatmap LEN=49173
"C:\xampp\htdocs\AI-Card-Stats-Pred\env\Scripts\python.exe" "C:\xampp\htdocs\AI-Card-Stats-Pred\php\graphs\chart_cramersv_heatmap.py" 2>&1

[2025-04-19T18:01:25+02:00] table_performance LEN=2515
[2025-04-19T18:01:33+02:00] chart_roc_curves LEN=112301
"C:\xampp\htdocs\AI-Card-Stats-Pred\env\Scripts\python.exe" "C:\xampp\htdocs\AI-Card-Stats-Pred\php\graphs\chart_roc_curves.py" 2>&1

[2025-04-19T18:01:46+02:00] chart_confusion_matrices LEN=72065
"C:\xampp\htdocs\AI-Card-Stats-Pred\env\Scripts\python.exe" "C:\xampp\htdocs\AI-Card-Stats-Pred\php\graphs\chart_confusion_matrices.py" 2>&1

[2025-04-19T18:01:54+02:00] chart_permutation_importance LEN=37725
"C:\xampp\htdocs\AI-Card-Stats-Pred\env\Scripts\python.exe" "C:\xampp\htdocs\AI-Card-Stats-Pred\php\graphs\chart_permutation_importance.py" 2>&1

[2025-04-19T18:02:01+02:00] chart_shap_bar LEN=47069
"C:\xampp\htdocs\AI-Card-Stats-Pred\env\Scripts\python.exe" "C:\xampp\htdocs\AI-Card-Stats-Pred\php\graphs\chart_shap_bar.py" 2>&1

[2025-04-19T18:02:08+02:00] chart_shap_summary LEN=59985
"C:\xampp\htdocs\AI-Card-Stats-Pred\env\Scripts\python.exe" "C:\xampp\htdocs\AI-Card-Stats-Pred\php\graphs\chart_shap_summary.py" 2>&1

[2025-04-19T18:02:13+02:00] chart_lgbm_confusion_matrix LEN=18229
"C:\xampp\htdocs\AI-Card-Stats-Pred\env\Scripts\python.exe" "C:\xampp\htdocs\AI-Card-Stats-Pred\php\graphs\chart_lgbm_confusion_matrix.py" 2>&1

